{
  "stats": {
    "suites": 10,
    "tests": 21,
    "passes": 21,
    "pending": 0,
    "failures": 0,
    "start": "2022-09-16T07:33:53.654Z",
    "end": "2022-09-16T07:33:56.898Z",
    "duration": 3244,
    "testsRegistered": 21,
    "passPercent": 100,
    "pendingPercent": 0,
    "other": 0,
    "hasOther": false,
    "skipped": 0,
    "hasSkipped": false
  },
  "results": [
    {
      "uuid": "005e0082-d865-4125-8ec1-49a2f5e149f3",
      "title": "",
      "fullFile": "",
      "file": "",
      "beforeHooks": [],
      "afterHooks": [],
      "tests": [],
      "suites": [
        {
          "uuid": "d17718db-d534-4d1a-8c37-aed1186f9e09",
          "title": "Task Api",
          "fullFile": "E:\\iAuro Assignments\\Nodejs\\new node\\testcase\\test-case\\api.spec.js",
          "file": "\\test-case\\api.spec.js",
          "beforeHooks": [],
          "afterHooks": [],
          "tests": [
            {
              "title": "get list",
              "fullTitle": "Task Api get list",
              "timedOut": false,
              "duration": 78,
              "state": "passed",
              "speed": "slow",
              "pass": true,
              "fail": false,
              "pending": false,
              "context": null,
              "code": "chai\n  .request(server)\n  .get(\"/user\")\n  .end((err, response) => {\n    expect(response.status).to.be.equal(200);\n    expect(response.body).to.be.have.all.keys(\"data\", \"statusText\");\n    done();\n  });",
              "err": {},
              "uuid": "d376ec9c-c11c-442b-acca-fbf80559dbd5",
              "parentUUID": "d17718db-d534-4d1a-8c37-aed1186f9e09",
              "isHook": false,
              "skipped": false
            }
          ],
          "suites": [],
          "passes": [
            "d376ec9c-c11c-442b-acca-fbf80559dbd5"
          ],
          "failures": [],
          "pending": [],
          "skipped": [],
          "duration": 78,
          "root": false,
          "rootEmpty": false,
          "_timeout": 2000
        },
        {
          "uuid": "711a18fa-2187-4100-b6f3-7af63f453ceb",
          "title": "-------Aspect Check--------",
          "fullFile": "E:\\iAuro Assignments\\Nodejs\\new node\\testcase\\test-case\\chai.spec.js",
          "file": "\\test-case\\chai.spec.js",
          "beforeHooks": [],
          "afterHooks": [],
          "tests": [
            {
              "title": "Check String",
              "fullTitle": "-------Aspect Check-------- Check String",
              "timedOut": false,
              "duration": 0,
              "state": "passed",
              "speed": "fast",
              "pass": true,
              "fail": false,
              "pending": false,
              "context": null,
              "code": "assert.typeOf(userName, \"string\");",
              "err": {},
              "uuid": "0fcea395-d1f0-4792-aae8-5068a005c2cb",
              "parentUUID": "711a18fa-2187-4100-b6f3-7af63f453ceb",
              "isHook": false,
              "skipped": false
            },
            {
              "title": "Equal match",
              "fullTitle": "-------Aspect Check-------- Equal match",
              "timedOut": false,
              "duration": 0,
              "state": "passed",
              "speed": "fast",
              "pass": true,
              "fail": false,
              "pending": false,
              "context": null,
              "code": "assert.equal(userName, \"code imporve\");",
              "err": {},
              "uuid": "f49777b5-138e-48c8-8470-4b17f3d51048",
              "parentUUID": "711a18fa-2187-4100-b6f3-7af63f453ceb",
              "isHook": false,
              "skipped": false
            },
            {
              "title": "length match",
              "fullTitle": "-------Aspect Check-------- length match",
              "timedOut": false,
              "duration": 1,
              "state": "passed",
              "speed": "fast",
              "pass": true,
              "fail": false,
              "pending": false,
              "context": null,
              "code": "assert.lengthOf(mylist.item, 1);",
              "err": {},
              "uuid": "78216b3b-4754-4983-86b6-10add0a166da",
              "parentUUID": "711a18fa-2187-4100-b6f3-7af63f453ceb",
              "isHook": false,
              "skipped": false
            }
          ],
          "suites": [],
          "passes": [
            "0fcea395-d1f0-4792-aae8-5068a005c2cb",
            "f49777b5-138e-48c8-8470-4b17f3d51048",
            "78216b3b-4754-4983-86b6-10add0a166da"
          ],
          "failures": [],
          "pending": [],
          "skipped": [],
          "duration": 1,
          "root": false,
          "rootEmpty": false,
          "_timeout": 2000
        },
        {
          "uuid": "c687bb1f-eba8-402a-80de-c33c9ae2a4fa",
          "title": "------Check Expect-------",
          "fullFile": "E:\\iAuro Assignments\\Nodejs\\new node\\testcase\\test-case\\chai.spec.js",
          "file": "\\test-case\\chai.spec.js",
          "beforeHooks": [],
          "afterHooks": [],
          "tests": [
            {
              "title": "string Match",
              "fullTitle": "------Check Expect------- string Match",
              "timedOut": false,
              "duration": 1,
              "state": "passed",
              "speed": "fast",
              "pass": true,
              "fail": false,
              "pending": false,
              "context": null,
              "code": "expect(userName).to.be.a(\"string\");",
              "err": {},
              "uuid": "fae27845-9b4f-476e-8a79-2ecd0369a648",
              "parentUUID": "c687bb1f-eba8-402a-80de-c33c9ae2a4fa",
              "isHook": false,
              "skipped": false
            },
            {
              "title": "Equal Match",
              "fullTitle": "------Check Expect------- Equal Match",
              "timedOut": false,
              "duration": 1,
              "state": "passed",
              "speed": "fast",
              "pass": true,
              "fail": false,
              "pending": false,
              "context": null,
              "code": "expect(userName).to.equal(\"code imporve\");",
              "err": {},
              "uuid": "43e89f59-36e4-4bfd-b197-10683b87969b",
              "parentUUID": "c687bb1f-eba8-402a-80de-c33c9ae2a4fa",
              "isHook": false,
              "skipped": false
            },
            {
              "title": "Length Match",
              "fullTitle": "------Check Expect------- Length Match",
              "timedOut": false,
              "duration": 0,
              "state": "passed",
              "speed": "fast",
              "pass": true,
              "fail": false,
              "pending": false,
              "context": null,
              "code": "expect(userName).to.lengthOf(12);",
              "err": {},
              "uuid": "78c90bb5-487a-4e1c-b32c-7827aebf85c1",
              "parentUUID": "c687bb1f-eba8-402a-80de-c33c9ae2a4fa",
              "isHook": false,
              "skipped": false
            },
            {
              "title": "Object Length",
              "fullTitle": "------Check Expect------- Object Length",
              "timedOut": false,
              "duration": 0,
              "state": "passed",
              "speed": "fast",
              "pass": true,
              "fail": false,
              "pending": false,
              "context": null,
              "code": "expect(mylist).to.have.property(\"item\").with.lengthOf(1);",
              "err": {},
              "uuid": "15b0f8be-2369-4008-a218-425b5e340e48",
              "parentUUID": "c687bb1f-eba8-402a-80de-c33c9ae2a4fa",
              "isHook": false,
              "skipped": false
            },
            {
              "title": "api Object match",
              "fullTitle": "------Check Expect------- api Object match",
              "timedOut": false,
              "duration": 0,
              "state": "passed",
              "speed": "fast",
              "pass": true,
              "fail": false,
              "pending": false,
              "context": null,
              "code": "expect(mylist).to.have.all.keys(\"item\", \"title\", \"address\");",
              "err": {},
              "uuid": "58de36d1-6918-45cb-b959-ae1480154039",
              "parentUUID": "c687bb1f-eba8-402a-80de-c33c9ae2a4fa",
              "isHook": false,
              "skipped": false
            },
            {
              "title": "Phone No.",
              "fullTitle": "------Check Expect------- Phone No.",
              "timedOut": false,
              "duration": 1,
              "state": "passed",
              "speed": "fast",
              "pass": true,
              "fail": false,
              "pending": false,
              "context": null,
              "code": "expect(mylist).to.have.nested.property(\"address.phoneno[0]\");",
              "err": {},
              "uuid": "f50e17bc-d0a3-4dbc-a6ea-21db77d2e6f3",
              "parentUUID": "c687bb1f-eba8-402a-80de-c33c9ae2a4fa",
              "isHook": false,
              "skipped": false
            },
            {
              "title": "Country Check",
              "fullTitle": "------Check Expect------- Country Check",
              "timedOut": false,
              "duration": 11,
              "state": "passed",
              "speed": "fast",
              "pass": true,
              "fail": false,
              "pending": false,
              "context": null,
              "code": "expect(mylist).to.have.nested.include({ \"address.country\": \"India\" });",
              "err": {},
              "uuid": "b102c987-6d6a-433e-a429-789116b9320b",
              "parentUUID": "c687bb1f-eba8-402a-80de-c33c9ae2a4fa",
              "isHook": false,
              "skipped": false
            }
          ],
          "suites": [],
          "passes": [
            "fae27845-9b4f-476e-8a79-2ecd0369a648",
            "43e89f59-36e4-4bfd-b197-10683b87969b",
            "78c90bb5-487a-4e1c-b32c-7827aebf85c1",
            "15b0f8be-2369-4008-a218-425b5e340e48",
            "58de36d1-6918-45cb-b959-ae1480154039",
            "f50e17bc-d0a3-4dbc-a6ea-21db77d2e6f3",
            "b102c987-6d6a-433e-a429-789116b9320b"
          ],
          "failures": [],
          "pending": [],
          "skipped": [],
          "duration": 14,
          "root": false,
          "rootEmpty": false,
          "_timeout": 2000
        },
        {
          "uuid": "a029b0b5-b838-42bd-9c39-3a6fc0a48016",
          "title": "Heading 1",
          "fullFile": "E:\\iAuro Assignments\\Nodejs\\new node\\testcase\\test-case\\hook.spec.js",
          "file": "\\test-case\\hook.spec.js",
          "beforeHooks": [
            {
              "title": "\"before all\" hook in \"Heading 1\"",
              "fullTitle": "Heading 1 \"before all\" hook in \"Heading 1\"",
              "timedOut": false,
              "duration": 5,
              "state": null,
              "speed": null,
              "pass": false,
              "fail": false,
              "pending": false,
              "context": null,
              "code": "console.log(\"++++++ Last +++++++\");",
              "err": {},
              "uuid": "f3c7e7c1-3688-4227-b841-441aa7f3ae88",
              "parentUUID": "a029b0b5-b838-42bd-9c39-3a6fc0a48016",
              "isHook": true,
              "skipped": false
            },
            {
              "title": "\"before each\" hook in \"Heading 1\"",
              "fullTitle": "Heading 1 \"before each\" hook in \"Heading 1\"",
              "timedOut": false,
              "duration": 2,
              "state": null,
              "speed": null,
              "pass": false,
              "fail": false,
              "pending": false,
              "context": null,
              "code": "console.log(\"++++++ Before Every test Case++++++++\");",
              "err": {},
              "uuid": "0ff4bcc8-b6b0-4879-a89b-97f9b1fbda51",
              "parentUUID": "a029b0b5-b838-42bd-9c39-3a6fc0a48016",
              "isHook": true,
              "skipped": false
            }
          ],
          "afterHooks": [
            {
              "title": "\"after all\" hook in \"Heading 1\"",
              "fullTitle": "Heading 1 \"after all\" hook in \"Heading 1\"",
              "timedOut": false,
              "duration": 1,
              "state": null,
              "speed": null,
              "pass": false,
              "fail": false,
              "pending": false,
              "context": null,
              "code": "console.log(\"+++++ First +++++\");",
              "err": {},
              "uuid": "5980a342-a495-4bd8-b6aa-8e4de1b532d4",
              "parentUUID": "a029b0b5-b838-42bd-9c39-3a6fc0a48016",
              "isHook": true,
              "skipped": false
            },
            {
              "title": "\"after each\" hook in \"Heading 1\"",
              "fullTitle": "Heading 1 \"after each\" hook in \"Heading 1\"",
              "timedOut": false,
              "duration": 3,
              "state": null,
              "speed": null,
              "pass": false,
              "fail": false,
              "pending": false,
              "context": null,
              "code": "console.log(\"++++++ after Every test Case++++++++\");",
              "err": {},
              "uuid": "a0f5bdab-4c59-47d4-ac2f-db18efc5bd13",
              "parentUUID": "a029b0b5-b838-42bd-9c39-3a6fc0a48016",
              "isHook": true,
              "skipped": false
            }
          ],
          "tests": [
            {
              "title": "Check String",
              "fullTitle": "Heading 1 Check String",
              "timedOut": false,
              "duration": 1,
              "state": "passed",
              "speed": "fast",
              "pass": true,
              "fail": false,
              "pending": false,
              "context": null,
              "code": "expect(data).to.be.a(\"string\");",
              "err": {},
              "uuid": "4fc264ea-ef60-4f1e-bf45-46c5e3001957",
              "parentUUID": "a029b0b5-b838-42bd-9c39-3a6fc0a48016",
              "isHook": false,
              "skipped": false
            },
            {
              "title": "value",
              "fullTitle": "Heading 1 value",
              "timedOut": false,
              "duration": 1,
              "state": "passed",
              "speed": "fast",
              "pass": true,
              "fail": false,
              "pending": false,
              "context": null,
              "code": "expect(data).to.be.equal(\"Code\");",
              "err": {},
              "uuid": "35be9997-fa22-4ad3-b373-d465b64ee581",
              "parentUUID": "a029b0b5-b838-42bd-9c39-3a6fc0a48016",
              "isHook": false,
              "skipped": false
            }
          ],
          "suites": [],
          "passes": [
            "4fc264ea-ef60-4f1e-bf45-46c5e3001957",
            "35be9997-fa22-4ad3-b373-d465b64ee581"
          ],
          "failures": [],
          "pending": [],
          "skipped": [],
          "duration": 2,
          "root": false,
          "rootEmpty": false,
          "_timeout": 2000
        },
        {
          "uuid": "efef7cf4-5270-456a-8ad8-2cda28220517",
          "title": "Heading 2",
          "fullFile": "E:\\iAuro Assignments\\Nodejs\\new node\\testcase\\test-case\\hook.spec.js",
          "file": "\\test-case\\hook.spec.js",
          "beforeHooks": [],
          "afterHooks": [],
          "tests": [
            {
              "title": "Check String 2",
              "fullTitle": "Heading 2 Check String 2",
              "timedOut": false,
              "duration": 0,
              "state": "passed",
              "speed": "fast",
              "pass": true,
              "fail": false,
              "pending": false,
              "context": null,
              "code": "expect(data).to.be.a(\"string\");",
              "err": {},
              "uuid": "0b7a0379-9c26-4e4e-90af-441df07d0bb4",
              "parentUUID": "efef7cf4-5270-456a-8ad8-2cda28220517",
              "isHook": false,
              "skipped": false
            }
          ],
          "suites": [],
          "passes": [
            "0b7a0379-9c26-4e4e-90af-441df07d0bb4"
          ],
          "failures": [],
          "pending": [],
          "skipped": [],
          "duration": 0,
          "root": false,
          "rootEmpty": false,
          "_timeout": 2000
        },
        {
          "uuid": "4622e9b7-d316-4f98-b31b-f8066e19e572",
          "title": "------- Mock ---------- ",
          "fullFile": "E:\\iAuro Assignments\\Nodejs\\new node\\testcase\\test-case\\mock.spec.js",
          "file": "\\test-case\\mock.spec.js",
          "beforeHooks": [],
          "afterHooks": [],
          "tests": [
            {
              "title": "Count Function ",
              "fullTitle": "------- Mock ----------  Count Function ",
              "timedOut": false,
              "duration": 12,
              "state": "passed",
              "speed": "fast",
              "pass": true,
              "fail": false,
              "pending": false,
              "context": null,
              "code": "var mock = sinon.mock(studentObj);\nvar expt = mock.expects(\"getExternal\");\nexpt.exactly(1);\nexpt.withArgs(40);\nstudentObj.finalMarks(40);\nmock.verify();",
              "err": {},
              "uuid": "73df94ba-dd9f-45f8-a31a-479a63a4046c",
              "parentUUID": "4622e9b7-d316-4f98-b31b-f8066e19e572",
              "isHook": false,
              "skipped": false
            }
          ],
          "suites": [],
          "passes": [
            "73df94ba-dd9f-45f8-a31a-479a63a4046c"
          ],
          "failures": [],
          "pending": [],
          "skipped": [],
          "duration": 12,
          "root": false,
          "rootEmpty": false,
          "_timeout": 2000
        },
        {
          "uuid": "c18000f0-0a6b-431c-aff6-19e5b34a402e",
          "title": "nock Testcase",
          "fullFile": "E:\\iAuro Assignments\\Nodejs\\new node\\testcase\\test-case\\nock.spec.js",
          "file": "\\test-case\\nock.spec.js",
          "beforeHooks": [],
          "afterHooks": [],
          "tests": [
            {
              "title": "api test",
              "fullTitle": "nock Testcase api test",
              "timedOut": false,
              "duration": 30,
              "state": "passed",
              "speed": "fast",
              "pass": true,
              "fail": false,
              "pending": false,
              "context": null,
              "code": "var obj = { status: \"OK\", statusCode: 200, data: [] };\nconst apihit = nock(\"http://localhost/api\")\n  .get(\"/article-list\")\n  .reply(200, obj);\nstdClass\n  .thirdPartyapi()\n  .then(function (record) {\n    console.log(record);\n    expect(record).to.be.eql(obj);\n    done();\n  })\n  .catch((error) => {\n    done(new Error(\"error :- \" + error));\n  });",
              "err": {},
              "uuid": "97a05a8e-efe8-4416-9700-8b92d1d567df",
              "parentUUID": "c18000f0-0a6b-431c-aff6-19e5b34a402e",
              "isHook": false,
              "skipped": false
            }
          ],
          "suites": [],
          "passes": [
            "97a05a8e-efe8-4416-9700-8b92d1d567df"
          ],
          "failures": [],
          "pending": [],
          "skipped": [],
          "duration": 30,
          "root": false,
          "rootEmpty": false,
          "_timeout": 2000
        },
        {
          "uuid": "14dae87a-3707-4f32-a760-fcc571f41452",
          "title": "------- Promise ---------- ",
          "fullFile": "E:\\iAuro Assignments\\Nodejs\\new node\\testcase\\test-case\\promise.spec.js",
          "file": "\\test-case\\promise.spec.js",
          "beforeHooks": [],
          "afterHooks": [],
          "tests": [
            {
              "title": "Normal Value Function ",
              "fullTitle": "------- Promise ----------  Normal Value Function ",
              "timedOut": false,
              "duration": 1511,
              "state": "passed",
              "speed": "slow",
              "pass": true,
              "fail": false,
              "pending": false,
              "context": null,
              "code": "// expect(studentObj.dbData()).to.be.equal(10);\nstudentObj.dbData().then(function (result) {\n  expect(result).to.be.equal(10);\n  done();\n});",
              "err": {},
              "uuid": "10f7983d-3834-4c61-95d0-06307611507a",
              "parentUUID": "14dae87a-3707-4f32-a760-fcc571f41452",
              "isHook": false,
              "skipped": false
            },
            {
              "title": "Check Value Function ",
              "fullTitle": "------- Promise ----------  Check Value Function ",
              "timedOut": false,
              "duration": 1505,
              "state": "passed",
              "speed": "slow",
              "pass": true,
              "fail": false,
              "pending": false,
              "context": null,
              "code": "return expect(studentObj.dbData()).to.eventually.equal(10);",
              "err": {},
              "uuid": "d74a8934-bd7f-4f1e-942b-a3d76be6f50f",
              "parentUUID": "14dae87a-3707-4f32-a760-fcc571f41452",
              "isHook": false,
              "skipped": false
            }
          ],
          "suites": [],
          "passes": [
            "10f7983d-3834-4c61-95d0-06307611507a",
            "d74a8934-bd7f-4f1e-942b-a3d76be6f50f"
          ],
          "failures": [],
          "pending": [],
          "skipped": [],
          "duration": 3016,
          "root": false,
          "rootEmpty": false,
          "_timeout": 2000
        },
        {
          "uuid": "51ebad96-e276-459d-9b3b-d19c7e95de14",
          "title": "------- Spey ---------- ",
          "fullFile": "E:\\iAuro Assignments\\Nodejs\\new node\\testcase\\test-case\\spay.spec.js",
          "file": "\\test-case\\spay.spec.js",
          "beforeHooks": [],
          "afterHooks": [],
          "tests": [
            {
              "title": "Test User Function ",
              "fullTitle": "------- Spey ----------  Test User Function ",
              "timedOut": false,
              "duration": 0,
              "state": "passed",
              "speed": "fast",
              "pass": true,
              "fail": false,
              "pending": false,
              "context": null,
              "code": "expect(studentObj.userId()).to.be.equal(12);",
              "err": {},
              "uuid": "5c737942-1a10-4bd4-8fe8-c4087ee1c7d0",
              "parentUUID": "51ebad96-e276-459d-9b3b-d19c7e95de14",
              "isHook": false,
              "skipped": false
            },
            {
              "title": "Function Arguments Check",
              "fullTitle": "------- Spey ----------  Function Arguments Check",
              "timedOut": false,
              "duration": 2,
              "state": "passed",
              "speed": "fast",
              "pass": true,
              "fail": false,
              "pending": false,
              "context": null,
              "code": "var spyObj = sinon.spy(studentObj, \"getInfo\");\nstudentObj.home(5);\nexpect(spyObj.calledWith(5, 1)).to.be.true;",
              "err": {},
              "uuid": "de34c0ee-8579-4a13-b4ea-cb94719b0e46",
              "parentUUID": "51ebad96-e276-459d-9b3b-d19c7e95de14",
              "isHook": false,
              "skipped": false
            }
          ],
          "suites": [],
          "passes": [
            "5c737942-1a10-4bd4-8fe8-c4087ee1c7d0",
            "de34c0ee-8579-4a13-b4ea-cb94719b0e46"
          ],
          "failures": [],
          "pending": [],
          "skipped": [],
          "duration": 2,
          "root": false,
          "rootEmpty": false,
          "_timeout": 2000
        },
        {
          "uuid": "630cf36f-e1a1-462a-813d-f9d368f0407e",
          "title": "------- Stub ---------- ",
          "fullFile": "E:\\iAuro Assignments\\Nodejs\\new node\\testcase\\test-case\\stub.spec.js",
          "file": "\\test-case\\stub.spec.js",
          "beforeHooks": [],
          "afterHooks": [],
          "tests": [
            {
              "title": "Function Arguments Check",
              "fullTitle": "------- Stub ----------  Function Arguments Check",
              "timedOut": false,
              "duration": 2,
              "state": "passed",
              "speed": "fast",
              "pass": true,
              "fail": false,
              "pending": false,
              "context": null,
              "code": "var stub = sinon.stub(studentObj, \"getExternal\");\nstub.withArgs(40).returns(5);\nexpect(studentObj.finalMarks(40)).to.be.equal(54);",
              "err": {},
              "uuid": "f3f75ffd-335c-479d-b121-eca100828d8a",
              "parentUUID": "630cf36f-e1a1-462a-813d-f9d368f0407e",
              "isHook": false,
              "skipped": false
            }
          ],
          "suites": [],
          "passes": [
            "f3f75ffd-335c-479d-b121-eca100828d8a"
          ],
          "failures": [],
          "pending": [],
          "skipped": [],
          "duration": 2,
          "root": false,
          "rootEmpty": false,
          "_timeout": 2000
        }
      ],
      "passes": [],
      "failures": [],
      "pending": [],
      "skipped": [],
      "duration": 0,
      "root": true,
      "rootEmpty": true,
      "_timeout": 2000
    }
  ],
  "meta": {
    "mocha": {
      "version": "10.0.0"
    },
    "mochawesome": {
      "options": {
        "quiet": false,
        "reportFilename": "mochawesome",
        "saveHtml": true,
        "saveJson": true,
        "consoleReporter": "spec",
        "useInlineDiffs": false,
        "code": true
      },
      "version": "7.1.3"
    },
    "marge": {
      "options": null,
      "version": "6.2.0"
    }
  }
}